## Objetivo
Can you figure out what is in the `eax` register at the end of the `main` function? Put your answer in the picoCTF flag format: `picoCTF{n}` where `n` is the contents of the `eax` register in the decimal number base. If the answer was `0x11` your flag would be `picoCTF{17}`.Debug [this](https://artifacts.picoctf.net/c/520/debugger0_b).
## Solución

- Abrimos el archivo con la herramienta `gdb` para revisar el código. 
```bash
┌──(kali㉿kali)-[~/picoCTF/tercerparcial/parte4]
└─$ gdb -q debugger0_b
Reading symbols from debugger0_b...
(No debugging symbols found in debugger0_b)
(gdb) 

```
- Le modificamos la forma en que presenta el código para un mejor entendimiento del lenguaje.
```bash
┌──(kali㉿kali)-[~/picoCTF/tercerparcial/parte4]
└─$ gdb -q debugger0_b
Reading symbols from debugger0_b...
(No debugging symbols found in debugger0_b)
(gdb) set disassembly-flavor intel 
(gdb) info functions
All defined functions:

Non-debugging symbols:
0x0000000000401000  _init
0x0000000000401020  _start
0x0000000000401050  _dl_relocate_static_pie
0x0000000000401060  deregister_tm_clones
0x0000000000401090  register_tm_clones
0x00000000004010d0  __do_global_dtors_aux
0x0000000000401100  frame_dummy
0x0000000000401106  main
0x0000000000401150  __libc_csu_init
0x00000000004011c0  __libc_csu_fini
0x00000000004011c8  _fini
(gdb) 

(gdb) disassemble main
Dump of assembler code for function main:
   0x0000000000401106 <+0>:     endbr64
   0x000000000040110a <+4>:     push   rbp
   0x000000000040110b <+5>:     mov    rbp,rsp
   0x000000000040110e <+8>:     mov    DWORD PTR [rbp-0x14],edi
   0x0000000000401111 <+11>:    mov    QWORD PTR [rbp-0x20],rsi
   0x0000000000401115 <+15>:    mov    DWORD PTR [rbp-0x4],0x1e0da
   0x000000000040111c <+22>:    mov    DWORD PTR [rbp-0xc],0x25f
   0x0000000000401123 <+29>:    mov    DWORD PTR [rbp-0x8],0x0
   0x000000000040112a <+36>:    jmp    0x401136 <main+48>
   0x000000000040112c <+38>:    mov    eax,DWORD PTR [rbp-0x8]
   0x000000000040112f <+41>:    add    DWORD PTR [rbp-0x4],eax
   0x0000000000401132 <+44>:    add    DWORD PTR [rbp-0x8],0x1
   0x0000000000401136 <+48>:    mov    eax,DWORD PTR [rbp-0x8]
   0x0000000000401139 <+51>:    cmp    eax,DWORD PTR [rbp-0xc]
   0x000000000040113c <+54>:    jl     0x40112c <main+38>
   0x000000000040113e <+56>:    mov    eax,DWORD PTR [rbp-0x4]
   0x0000000000401141 <+59>:    pop    rbp
   0x0000000000401142 <+60>:    ret
End of assembler dump.

```
- Creamos un `breakpoint` al principio del `main` para que se detenga la ejecución del programa.
```bash
(gdb) break main 
Breakpoint 1 at 0x40110e
(gdb) info breakpoints
Num     Type           Disp Enb Address            What
1       breakpoint     keep y   0x000000000040110e <main+8>
End of assembler dump.
(gdb) r
Starting program: /home/kali/picoCTF/tercerparcial/parte4/debugger0_b 
[Thread debugging using libthread_db enabled]
Using host libthread_db library "/lib/x86_64-linux-gnu/libthread_db.so.1".

Breakpoint 1, 0x000000000040110e in main ()
(gdb) disassemble main
Dump of assembler code for function main:
   0x0000000000401106 <+0>:     endbr64
   0x000000000040110a <+4>:     push   rbp
   0x000000000040110b <+5>:     mov    rbp,rsp
=> 0x000000000040110e <+8>:     mov    DWORD PTR [rbp-0x14],edi
   0x0000000000401111 <+11>:    mov    QWORD PTR [rbp-0x20],rsi
   0x0000000000401115 <+15>:    mov    DWORD PTR [rbp-0x4],0x1e0da
   0x000000000040111c <+22>:    mov    DWORD PTR [rbp-0xc],0x25f
   0x0000000000401123 <+29>:    mov    DWORD PTR [rbp-0x8],0x0
   0x000000000040112a <+36>:    jmp    0x401136 <main+48>
   0x000000000040112c <+38>:    mov    eax,DWORD PTR [rbp-0x8]
   0x000000000040112f <+41>:    add    DWORD PTR [rbp-0x4],eax
   0x0000000000401132 <+44>:    add    DWORD PTR [rbp-0x8],0x1
   0x0000000000401136 <+48>:    mov    eax,DWORD PTR [rbp-0x8]
   0x0000000000401139 <+51>:    cmp    eax,DWORD PTR [rbp-0xc]
--Type <RET> for more, q to quit, c to continue without paging--
   0x000000000040113c <+54>:    jl     0x40112c <main+38>
   0x000000000040113e <+56>:    mov    eax,DWORD PTR [rbp-0x4]
   0x0000000000401141 <+59>:    pop    rbp
   0x0000000000401142 <+60>:    ret
End of assembler dump.
(gdb) 


```
- Creamos otro `breakpoint` en la línea 60 para que se detenga la ejecución del programa.
```bash
(gdb) break *(main+60)
Breakpoint 2 at 0x401142
(gdb) info breakpoints 
Num     Type           Disp Enb Address            What
1       breakpoint     keep y   0x000000000040110e <main+8>
        breakpoint already hit 1 time
2       breakpoint     keep y   0x0000000000401142 <main+60>
(gdb) disassemble main 
Dump of assembler code for function main:
   0x0000000000401106 <+0>:     endbr64
   0x000000000040110a <+4>:     push   rbp
   0x000000000040110b <+5>:     mov    rbp,rsp
   0x000000000040110e <+8>:     mov    DWORD PTR [rbp-0x14],edi
   0x0000000000401111 <+11>:    mov    QWORD PTR [rbp-0x20],rsi
   0x0000000000401115 <+15>:    mov    DWORD PTR [rbp-0x4],0x1e0da
   0x000000000040111c <+22>:    mov    DWORD PTR [rbp-0xc],0x25f
   0x0000000000401123 <+29>:    mov    DWORD PTR [rbp-0x8],0x0
   0x000000000040112a <+36>:    jmp    0x401136 <main+48>
   0x000000000040112c <+38>:    mov    eax,DWORD PTR [rbp-0x8]
   0x000000000040112f <+41>:    add    DWORD PTR [rbp-0x4],eax
   0x0000000000401132 <+44>:    add    DWORD PTR [rbp-0x8],0x1
   0x0000000000401136 <+48>:    mov    eax,DWORD PTR [rbp-0x8]
   0x0000000000401139 <+51>:    cmp    eax,DWORD PTR [rbp-0xc]
   0x000000000040113c <+54>:    jl     0x40112c <main+38>
   0x000000000040113e <+56>:    mov    eax,DWORD PTR [rbp-0x4]
   0x0000000000401141 <+59>:    pop    rbp
=> 0x0000000000401142 <+60>:    ret
End of assembler dump.

```
- Hacemos que el programa continúe con su ejecución.
```bash
(gdb) continue
Continuing.

Breakpoint 2, 0x0000000000401142 in main ()

```
- Comprobamos que estamos en la ultima línea del `main` e imprimimos el valor que contiene la variable `eax`.
```bash
(gdb) info registers rip
rip            0x401142            0x401142 <main+60>
(gdb) print $eax
$1 = 307019
(gdb) quit
A debugging session is active.

        Inferior 1 [process 13769] will be killed.

Quit anyway? (y or n) y



```
- Y ya solo le asignamos el formato de la bandera.
```
picoCTF{307019}
```

## Notas Adicionales
## Referencias